2017-02-08 11:43:15   未知用户   ::1   time   46536	http://localhost:1504/      -1   
2017-02-08 11:49:53   未知用户   ::1   time   27230	http://localhost:1504/      -1   
2017-02-08 11:49:58   未知用户   ::1   time   2557	http://localhost:1504/      -1   
2017-02-08 11:50:23   未知用户   ::1   time   22475	http://localhost:1504/      -1   
2017-02-08 11:54:35   未知用户   ::1   time   250660	http://localhost:1504/      -1   
2017-02-08 12:11:36   未知用户   ::1   time   16698	http://localhost:1504/      -1   
2017-02-08 12:11:50   未知用户   ::1   time   11107	http://localhost:1504/      -1   
2017-02-08 12:12:16   未知用户   ::1   time   24834	http://localhost:1504/      -1   
2017-02-08 12:17:36   未知用户   ::1   time   185470	http://localhost:1504/      -1   
2017-02-08 12:18:04   未知用户   ::1   time   23372	http://localhost:1504/      -1   
2017-02-08 13:38:45   未知用户   ::1   time   153	http://localhost:1504/      -1   
2017-02-08 13:54:03   未知用户   ::1   time   1680	http://localhost:1504/      -1   
2017-02-08 14:26:55   未知用户   ::1   time   1269	http://localhost:1504/      -1   
2017-02-08 15:25:03   未知用户   ::1   time   1563	http://localhost:1504/      -1   
2017-02-08 16:28:12   未知用户   ::1   time   2759	http://localhost:1504/      -1   
2017-02-08 17:04:25   未知用户   ::1   time   4661	http://localhost:1504/      -1   
2017-02-08 17:15:47   未知用户   ::1   time   2699	http://localhost:1504/      -1   
2017-02-08 17:16:49   未知用户   ::1   time   25141	http://localhost:1504/      -1   
2017-02-08 17:22:13   未知用户   ::1   time   10100	http://localhost:1504/test.html      -1   
2017-02-08 17:23:33   未知用户   ::1   time   74881	http://localhost:1504/test.html      -1   
2017-02-08 17:24:05   未知用户   ::1   time   29333	http://localhost:1504/test.html      -1   
2017-02-08 17:26:54   未知用户   ::1   time   168034	http://localhost:1504/test.html      -1   
2017-02-08 17:29:06   未知用户   ::1   time   129472	http://localhost:1504/test.html      -1   
2017-02-08 17:29:19   未知用户   ::1   time   11300	http://localhost:1504/test.html      -1   
2017-02-08 17:31:43   未知用户   ::1   time   14165	http://localhost:1504/test.html      -1   
2017-02-08 17:41:41   未知用户   ::1   time   745	http://localhost:1504/      -1   
2017-02-08 17:42:32   未知用户   ::1   time   819	http://localhost:1504/test.html      -1   
2017-02-08 17:42:34   未知用户   ::1   time   575	http://localhost:1504/test.html      -1   
2017-02-08 17:42:35   未知用户   ::1   time   650	http://localhost:1504/test.html      -1   
2017-02-08 17:43:51   未知用户   ::1   time   33963	http://localhost:1504/test.html      -1   
2017-02-08 17:45:04   未知用户   ::1   time   14292	http://localhost:1504/test.html      -1   
2017-02-08 17:45:13   未知用户   ::1   time   6744	http://localhost:1504/test.html      -1   
2017-02-08 17:56:20   未知用户   ::1   time   132	http://localhost:1504/test.html      -1   
2017-02-08 17:56:21   未知用户   ::1   time   230	http://localhost:1504/test.html      -1   
2017-02-08 17:56:23   未知用户   ::1   time   919	http://localhost:1504/test.html      -1   
2017-02-08 17:56:23   未知用户   ::1   time   831	http://localhost:1504/test.html      -1   
2017-02-08 17:56:36   未知用户   ::1   time   313	http://localhost:1504/test.html      -1   
2017-02-08 17:56:37   未知用户   ::1   time   780	http://localhost:1504/test.html      -1   
2017-02-08 17:56:44   未知用户   ::1   time   183	http://localhost:1504/test.html      -1   
2017-02-08 17:57:02   未知用户   ::1   time   9569	http://localhost:1504/test.html      -1   
2017-02-08 18:05:48   未知用户   ::1   time   523224	http://localhost:1504/test.html      -1   
2017-02-08 18:11:09   未知用户   ::1   time   1500	http://localhost:1504/test.html      -1   
2017-02-08 18:12:07   未知用户   ::1   time   56071	http://localhost:1504/test.html      -1   
2017-02-08 18:12:36   未知用户   ::1   time   5804	http://localhost:1504/test.html      -1   
2017-02-08 18:15:43   未知用户   ::1   time   66034	http://localhost:1504/test.html      -1   
2017/2/8 20:17:09   未知用户   ::1   time   31077	http://localhost:1504/      -1   
2017/2/8 20:17:12   未知用户   ::1   time   1894	http://localhost:1504/login.html   http://localhost:1504/   -1   
2017/2/8 20:23:27   未知用户   ::1   time   5698	http://localhost:1504/      -1   
2017/2/8 20:23:29   未知用户   ::1   time   1405	http://localhost:1504/login.html   http://localhost:1504/   -1   
2017/2/8 20:23:51   未知用户   ::1   time   17451	http://localhost:1504/test.html      -1   
2017/2/8 20:24:17   未知用户   ::1   time   15118	http://localhost:1504/test.html      -1   
2017/2/8 20:26:51   未知用户   ::1   time   11126	http://localhost:1504/      -1   
2017/2/8 20:35:05   未知用户   ::1   time   12400	http://localhost:1504/test.html      -1   
2017/2/8 20:38:52   未知用户   ::1   time   147523	http://localhost:1504/test.html      -1   
2017/2/8 20:40:50   未知用户   ::1   time   66181	http://localhost:1504/test.html      -1   
2017/2/8 20:41:18   未知用户   ::1   time   3581	http://localhost:1504/test.html      -1   
2017/2/8 20:59:37   未知用户   ::1   time   1449	http://localhost:1504/test.html      -1   
2017/2/8 21:10:54   未知用户   ::1   time   815	http://localhost:1504/test.html      -1   
2017/2/8 21:11:54   未知用户   ::1   time   8301	http://localhost:1504/test.html      -1   
2017/2/8 21:12:06   未知用户   ::1   time   7411	http://localhost:1504/test.html      -1   
2017/2/8 21:12:23   未知用户   ::1   time   13670	http://localhost:1504/test.html      -1   
2017/2/8 21:14:04   未知用户   ::1   time   99991	http://localhost:1504/test.html      -1   
2017/2/8 21:19:58   未知用户   ::1   time   104	http://localhost:1504/test.html      -1   
2017/2/8 21:19:59   未知用户   ::1   time   105	http://localhost:1504/test.html      -1   
2017/2/8 21:20:58   未知用户   ::1   time   24026	http://localhost:1504/test.html      -1   
2017/2/8 21:22:54   未知用户   ::1   time   79585	http://localhost:1504/test.html      -1   
2017/2/8 21:23:07   未知用户   ::1   time   10854	http://localhost:1504/test.html      -1   
2017/2/8 21:24:53   未知用户   ::1   time   66988	http://localhost:1504/test.html      -1   
2017/2/8 21:30:31   未知用户   ::1   time   308748	http://localhost:1504/test.html      -1   
2017/2/8 21:34:17   未知用户   ::1   time   431	http://localhost:1504/      -1   
2017/2/8 21:34:31   未知用户   ::1   time   13449	http://localhost:1504/login.html   http://localhost:1504/   -1   
2017/2/8 21:37:15   未知用户   ::1   time   7639	http://localhost:1504/test.html      -1   
2017/2/8 21:37:40   未知用户   ::1   time   1368	http://localhost:1504/test.html      -1   
2017/2/8 21:38:25   未知用户   ::1   time   1816	http://localhost:1504/test.html      -1   
2017/2/8 21:38:42   未知用户   ::1   time   3483	http://localhost:1504/test.html      -1   
2017/2/8 21:41:08   未知用户   ::1   time   3033	http://localhost:1504/test.html      -1   
2017/2/8 21:43:39   未知用户   ::1   time   1846	http://localhost:1504/test.html      -1   
2017/2/8 21:57:33   未知用户   ::1   time   242	http://localhost:1504/      -1   
2017/2/8 21:57:52   未知用户   ::1   time   4458	http://localhost:1504/test.html      -1   
2017/2/8 22:08:29   未知用户   ::1   time   10421	http://localhost:1504/test.html      -1   
2017/2/8 22:56:05   未知用户   ::1   time   105	http://localhost:1504/      -1   
2017/2/8 23:10:38   未知用户   ::1   time   158	http://localhost:1504/      -1   
2017/2/8 23:17:02   未知用户   ::1   time   115	http://localhost:1504/      -1   
2017/2/8 23:17:03   未知用户   ::1   time   113	http://localhost:1504/      -1   
2017/2/8 23:17:10   未知用户   ::1   time   114	http://localhost:1504/      -1   
2017/2/8 23:18:03   未知用户   ::1   time   24450	http://localhost:1504/      -1   
2017/2/8 23:18:14   未知用户   ::1   time   9593	http://localhost:1504/      -1   
2017/2/8 23:19:45   未知用户   ::1   time   89058	http://localhost:1504/      -1   
2017/2/8 23:20:52   未知用户   ::1   time   2800	http://localhost:1504/      -1   
2017/2/8 23:24:18   未知用户   ::1   time   9835	http://localhost:1504/      -1   
2017/2/11 21:26:48   未知用户   ::1   time   11533	http://localhost:1504/      -1   
2017/2/11 21:33:45   未知用户   ::1   time   8918	http://localhost:1504/      -1   
2017/2/11 21:56:09   未知用户   ::1   time   31540	http://localhost:1504/      -1   
2017/2/11 21:56:41   未知用户   ::1   time   3891	http://localhost:1504/      -1   
2017/2/11 22:13:26   未知用户   ::1   time   10251	http://localhost:1504/      -1   
2017/2/11 22:46:11   未知用户   ::1   time   8007	http://localhost:1504/      -1   
2017/2/11 22:48:53   未知用户   ::1   time   10571	http://localhost:1504/      -1   
2017/2/11 22:54:58   未知用户   ::1   time   8329	http://localhost:1504/      -1   
2017/2/11 22:57:43   未知用户   ::1   time   3632	http://localhost:1504/      -1   
2017/2/11 23:14:18   未知用户   ::1   time   2298	http://localhost:1504/      -1   
2017/2/11 23:19:00   未知用户   ::1   time   2670	http://localhost:1504/      -1   
2017/2/11 23:41:48   未知用户   ::1   time   7615	http://localhost:1504/      -1   
2017/2/12 0:00:43   未知用户   ::1   time   258	http://localhost:1504/      -1   
2017/2/12 0:19:32   未知用户   ::1   time   291	http://localhost:1504/      -1   
2017/2/12 0:25:39   未知用户   ::1   time   137	http://localhost:1504/      -1   
2017/2/12 10:04:35   未知用户   ::1   time   193	http://localhost:1504/      -1   
2017/2/12 10:07:03   未知用户   ::1   time   133	http://localhost:1504/      -1   
2017/2/12 10:38:35   未知用户   ::1   time   165	http://localhost:1504/      -1   
2017/2/13 20:09:41   未知用户   ::1   time   421	http://localhost:1504/      -1   
2017/2/13 20:21:15   未知用户   ::1   time   126	http://localhost:1504/      -1   
2017/2/14 0:00:09   未知用户   ::1   time   463	http://localhost:1504/manage/app/      -1   
2017-02-14 13:25:56   未知用户   ::1   time   14344	http://localhost:1504/      -1   
2017-02-14 15:21:19   未知用户   ::1   time   14461	http://localhost:1504/      -1   
2017/2/14 20:13:04   未知用户   ::1   time   569	http://localhost:1504/      -1   
2017/2/14 21:39:39   未知用户   ::1   time   271	http://localhost:1504/      -1   
2017/2/14 21:50:11   未知用户   ::1   time   142	http://localhost:1504/      -1   
2017/2/15 21:44:37   未知用户   ::1   time   1094	http://localhost:1504/      -1   
2017/2/15 22:05:37   未知用户   ::1   time   321	http://localhost:1504/      -1   
2017/2/15 22:37:08   未知用户   ::1   time   483	http://localhost:1504/      -1   
2017/2/15 22:39:14   未知用户   ::1   time   116	http://localhost:1504/      -1   
2017/2/15 22:50:30   未知用户   ::1   time   107	http://localhost:1504/      -1   
2017-02-16 9:43:16   未知用户   ::1   time   78668	http://localhost:1504/release/      -1   
2017-02-16 9:46:24   未知用户   ::1   time   92952	http://localhost:1504/release/      -1   
2017-02-16 9:47:32   未知用户   ::1   time   66431	http://localhost:1504/release/      -1   
2017-02-16 9:47:36   未知用户   ::1   time   119	http://localhost:1504/release/      -1   
2017-02-16 9:47:50   未知用户   ::1   time   133	http://localhost:1504/release/      -1   
2017-02-16 9:47:51   未知用户   ::1   time   135	http://localhost:1504/release/      -1   
2017-02-16 9:47:53   未知用户   ::1   time   133	http://localhost:1504/release/      -1   
2017-02-16 9:47:57   未知用户   ::1   time   123	http://localhost:1504/release/      -1   
2017-02-16 9:49:19   未知用户   ::1   time   118	http://localhost:1504/release/      -1   
2017-02-16 9:49:19   未知用户   ::1   time   120	http://localhost:1504/release/      -1   
2017-02-16 9:49:20   未知用户   ::1   time   144	http://localhost:1504/release/      -1   
2017-02-16 9:49:20   未知用户   ::1   time   131	http://localhost:1504/release/      -1   
2017-02-16 9:50:31   未知用户   ::1   time   2739	http://localhost:1504/      -1   
2017-02-16 9:50:40   未知用户   ::1   time   3689	http://localhost:1504/      -1   
2017-02-16 9:51:13   未知用户   ::1   time   28087	http://localhost:1504/release/      -1   
2017-02-16 9:51:27   未知用户   ::1   time   12139	http://localhost:1504/release/      -1   
2017-02-16 9:56:57   未知用户   ::1   time   224626	http://localhost:1504/      -1   
2017-02-16 9:57:11   未知用户   ::1   time   3211	http://localhost:1504/release/      -1   
2017-02-16 9:57:54   未知用户   ::1   time   5366	http://localhost:1504/release/      -1   
2017-02-16 9:58:13   未知用户   ::1   time   14336	http://localhost:1504/release/      -1   
2017-02-16 9:59:19   未知用户   ::1   time   61906	http://localhost:1504/release/      -1   
2017-02-16 10:00:09   未知用户   ::1   time   46464	http://localhost:1504/release/      -1   
2017-02-16 10:00:18   未知用户   ::1   time   8568	http://localhost:1504/release/      -1   
2017-02-16 10:00:41   未知用户   ::1   time   18176	http://localhost:1504/release/      -1   
2017-02-16 10:00:46   未知用户   ::1   time   1276	http://localhost:1504/release/      -1   
2017-02-16 10:01:35   未知用户   ::1   time   47701	http://localhost:1504/release/      -1   
2017-02-16 10:03:00   未知用户   ::1   time   81503	http://localhost:1504/release/      -1   
2017-02-16 10:03:11   未知用户   ::1   time   458	http://localhost:1504/release/      -1   
2017-02-16 10:03:12   未知用户   ::1   time   375	http://localhost:1504/release/      -1   
2017-02-16 10:04:17   未知用户   ::1   time   37062	http://localhost:1504/release/      -1   
2017-02-16 10:04:48   未知用户   ::1   time   27673	http://localhost:1504/release/      -1   
2017-02-16 10:07:12   未知用户   ::1   time   140759	http://localhost:1504/release/      -1   
2017-02-16 10:11:35   未知用户   ::1   time   31709	http://localhost:1504/release/      -1   
2017-02-16 10:13:55   未知用户   ::1   time   130273	http://localhost:1504/release/      -1   
2017-02-16 10:14:57   未知用户   ::1   time   38068	http://localhost:1504/release/      -1   
2017-02-16 10:16:35   未知用户   ::1   time   6185	http://localhost:1504/release/      -1   
2017-02-16 10:18:11   未知用户   ::1   time   7546	http://localhost:1504/release/      -1   
2017-02-16 10:19:07   未知用户   ::1   time   9103	http://localhost:1504/release/      -1   
2017-02-16 10:19:13   未知用户   ::1   time   462	http://localhost:1504/release/      -1   
2017-02-16 10:19:35   未知用户   ::1   time   442	http://localhost:1504/release/      -1   
2017-02-16 10:20:16   未知用户   ::1   time   8410	http://localhost:1504/release/      -1   
2017-02-16 10:20:28   未知用户   ::1   time   1055	http://localhost:1504/release/      -1   
2017-02-16 10:20:46   未知用户   ::1   time   1593	http://localhost:1504/release/      -1   
2017-02-16 10:22:00   未知用户   ::1   time   9316	http://localhost:1504/release/      -1   
2017-02-16 11:19:22   未知用户   ::1   time   875	http://localhost:1504/release/      -1   
2017-02-16 11:19:54   未知用户   ::1   time   15824	http://localhost:1504/release/      -1   
2017-02-16 11:20:04   未知用户   ::1   time   13240	http://localhost:1504/release/      -1   
2017-02-16 11:20:28   未知用户   ::1   time   5086	http://localhost:1504/release/      -1   
2017-02-16 11:21:34   未知用户   ::1   time   12974	http://localhost:1504/release/      -1   
2017-02-16 11:22:10   未知用户   ::1   time   34295	http://localhost:1504/release/      -1   
2017-02-16 11:24:13   未知用户   ::1   time   120799	http://localhost:1504/release/      -1   
2017-02-16 11:38:00   未知用户   ::1   time   3767	http://localhost:1504/release/      -1   
2017-02-16 11:38:17   未知用户   ::1   time   2811	http://localhost:1504/release/      -1   
2017-02-17 16:27:08   未知用户   ::1   time   6057	http://localhost:1504/      -1   
2017-02-17 16:28:12   未知用户   ::1   time   1740	http://localhost:1504/member/piclist.html      -1   
2017-02-17 16:29:42   未知用户   ::1   time   859	http://localhost:1504/member/test.html      -1   
2017-02-17 16:29:46   未知用户   ::1   time   992	http://localhost:1504/member/test.html      -1   
2017-02-17 16:29:48   未知用户   ::1   time   2407	http://localhost:1504/member/test.html      -1   
2017-02-17 16:29:48   未知用户   ::1   time   2300	http://localhost:1504/member/test.html      -1   
2017-02-17 16:29:50   未知用户   ::1   time   141	http://localhost:1504/member/test.html      -1   
2017-02-17 16:34:27   未知用户   ::1   time   198796	http://localhost:1504/member/test.html      -1   
